05/01/2022 6:56:23 PM	This log contains information about the import schema operation into project 'eSkool' on computer 'DESKTOP-GUFUGIB' by user 'Ali-ul-Ali'.
05/01/2022 6:56:23 PM	Import of database schema has started.
05/01/2022 6:56:34 PM	Gathering database credentials
05/01/2022 6:56:34 PM	Gathering database options
05/01/2022 6:56:34 PM	Gathering users
05/01/2022 6:56:34 PM	Gathering roles
05/01/2022 6:56:34 PM	Gathering application roles
05/01/2022 6:56:34 PM	Gathering role memberships
05/01/2022 6:56:34 PM	Gathering filegroups
05/01/2022 6:56:34 PM	Gathering full-text catalogs
05/01/2022 6:56:34 PM	Gathering assemblies
05/01/2022 6:56:34 PM	Gathering certificates
05/01/2022 6:56:34 PM	Gathering asymmetric keys
05/01/2022 6:56:34 PM	Gathering symmetric keys
05/01/2022 6:56:34 PM	Gathering encrypted symmetric keys
05/01/2022 6:56:34 PM	Gathering schemas
05/01/2022 6:56:34 PM	Gathering XML schema collections
05/01/2022 6:56:34 PM	Gathering user-defined data types
05/01/2022 6:56:34 PM	Gathering user-defined types
05/01/2022 6:56:34 PM	Gathering table types
05/01/2022 6:56:34 PM	Gathering unique keys for table types
05/01/2022 6:56:34 PM	Gathering primary keys for table types
05/01/2022 6:56:34 PM	Gathering indexes for table types
05/01/2022 6:56:34 PM	Gathering check constraints for table types
05/01/2022 6:56:34 PM	Gathering default constraints for table types
05/01/2022 6:56:34 PM	Gathering partition functions
05/01/2022 6:56:34 PM	Gathering partition schemes
05/01/2022 6:56:35 PM	Gathering functions
05/01/2022 6:56:35 PM	Gathering encrypted functions
05/01/2022 6:56:35 PM	Gathering aggregates
05/01/2022 6:56:35 PM	Gathering procedures
05/01/2022 6:56:35 PM	Gathering encrypted procedures
05/01/2022 6:56:35 PM	Gathering tables
05/01/2022 6:56:35 PM	Gathering primary keys
05/01/2022 6:56:35 PM	Gathering unique constraints
05/01/2022 6:56:35 PM	Gathering foreign keys
05/01/2022 6:56:35 PM	Gathering default constraints
05/01/2022 6:56:35 PM	Gathering check constraints
05/01/2022 6:56:35 PM	Gathering views
05/01/2022 6:56:35 PM	Gathering encrypted views
05/01/2022 6:56:35 PM	Gathering indexes
05/01/2022 6:56:35 PM	Gathering statistics
05/01/2022 6:56:35 PM	Gathering full-text index stoplists
05/01/2022 6:56:35 PM	Gathering search property lists
05/01/2022 6:56:35 PM	Gathering search properties
05/01/2022 6:56:35 PM	Gathering full-text indexes
05/01/2022 6:56:35 PM	Gathering column store indexes
05/01/2022 6:56:35 PM	Gathering spatial indexes
05/01/2022 6:56:35 PM	Gathering XML indexes
05/01/2022 6:56:35 PM	Gathering Selective XML indexes
05/01/2022 6:56:35 PM	Gathering encrypted triggers
05/01/2022 6:56:35 PM	Gathering triggers
05/01/2022 6:56:35 PM	Gathering encrypted and clr ddl triggers
05/01/2022 6:56:35 PM	Gathering ddl triggers
05/01/2022 6:56:35 PM	Gathering synonyms
05/01/2022 6:56:35 PM	Gathering defaults
05/01/2022 6:56:35 PM	Gathering data constraint uddt bindings
05/01/2022 6:56:35 PM	Gathering rules
05/01/2022 6:56:35 PM	Gathering data constraint uddt bindings
05/01/2022 6:56:35 PM	Gathering message types
05/01/2022 6:56:35 PM	Gathering queues
05/01/2022 6:56:35 PM	Gathering contracts
05/01/2022 6:56:35 PM	Gathering services
05/01/2022 6:56:35 PM	Gathering event notifications
05/01/2022 6:56:35 PM	Gathering remote service bindings
05/01/2022 6:56:35 PM	Gathering broker priorities
05/01/2022 6:56:35 PM	Gathering signatures
05/01/2022 6:56:35 PM	Gathering data compression options
05/01/2022 6:56:35 PM	Gathering sequence types
05/01/2022 6:56:35 PM	Gathering security policies
05/01/2022 6:56:35 PM	Gather column encryption keys
05/01/2022 6:56:35 PM	Gathering column master keys
05/01/2022 6:56:35 PM	Gathering external data sources
05/01/2022 6:56:35 PM	Gathering external file formats
05/01/2022 6:56:35 PM	Gathering external tables
05/01/2022 6:56:35 PM	Gathering extended properties
05/01/2022 6:56:35 PM	Gathering credentials
05/01/2022 6:56:35 PM	Gathering logins
05/01/2022 6:56:35 PM	Gathering server audits
05/01/2022 6:56:36 PM	Scanning project for duplicate elements
05/01/2022 6:56:36 PM	Finished duplicate element processing
05/01/2022 6:56:36 PM	Finished importing database.
05/01/2022 6:56:36 PM	A summary of the import was saved to the following location: D:\git work\eSkool\eSkool\eSkool\Import Schema Logs\eSkool_20220105015623.log
05/01/2022 6:56:36 PM	Click Finish to continue...
