15/01/2022 9:50:36 pm	This log contains information about the import schema operation into project 'eSkoolDB' on computer 'DESKTOP-B42VF1Q' by user 'Farooq'.
15/01/2022 9:50:37 pm	Import of database schema has started.
15/01/2022 9:50:43 pm	Gathering database credentials
15/01/2022 9:50:43 pm	Gathering database options
15/01/2022 9:50:43 pm	Gathering users
15/01/2022 9:50:43 pm	Gathering roles
15/01/2022 9:50:43 pm	Gathering application roles
15/01/2022 9:50:43 pm	Gathering role memberships
15/01/2022 9:50:43 pm	Gathering filegroups
15/01/2022 9:50:43 pm	Gathering full-text catalogs
15/01/2022 9:50:43 pm	Gathering assemblies
15/01/2022 9:50:43 pm	Gathering certificates
15/01/2022 9:50:43 pm	Gathering asymmetric keys
15/01/2022 9:50:43 pm	Gathering symmetric keys
15/01/2022 9:50:43 pm	Gathering encrypted symmetric keys
15/01/2022 9:50:43 pm	Gathering schemas
15/01/2022 9:50:43 pm	Gathering XML schema collections
15/01/2022 9:50:43 pm	Gathering user-defined data types
15/01/2022 9:50:43 pm	Gathering user-defined types
15/01/2022 9:50:43 pm	Gathering table types
15/01/2022 9:50:43 pm	Gathering unique keys for table types
15/01/2022 9:50:43 pm	Gathering primary keys for table types
15/01/2022 9:50:43 pm	Gathering indexes for table types
15/01/2022 9:50:43 pm	Gathering check constraints for table types
15/01/2022 9:50:43 pm	Gathering default constraints for table types
15/01/2022 9:50:43 pm	Gathering partition functions
15/01/2022 9:50:43 pm	Gathering partition schemes
15/01/2022 9:50:43 pm	Gathering functions
15/01/2022 9:50:43 pm	Gathering encrypted functions
15/01/2022 9:50:43 pm	Gathering aggregates
15/01/2022 9:50:43 pm	Gathering procedures
15/01/2022 9:50:43 pm	Gathering encrypted procedures
15/01/2022 9:50:43 pm	Gathering tables
15/01/2022 9:50:43 pm	Gathering primary keys
15/01/2022 9:50:43 pm	Gathering unique constraints
15/01/2022 9:50:43 pm	Gathering foreign keys
15/01/2022 9:50:43 pm	Gathering default constraints
15/01/2022 9:50:43 pm	Gathering check constraints
15/01/2022 9:50:43 pm	Gathering views
15/01/2022 9:50:43 pm	Gathering encrypted views
15/01/2022 9:50:43 pm	Gathering indexes
15/01/2022 9:50:43 pm	Gathering statistics
15/01/2022 9:50:43 pm	Gathering full-text index stoplists
15/01/2022 9:50:43 pm	Gathering search property lists
15/01/2022 9:50:43 pm	Gathering search properties
15/01/2022 9:50:43 pm	Gathering full-text indexes
15/01/2022 9:50:43 pm	Gathering column store indexes
15/01/2022 9:50:43 pm	Gathering spatial indexes
15/01/2022 9:50:43 pm	Gathering XML indexes
15/01/2022 9:50:43 pm	Gathering Selective XML indexes
15/01/2022 9:50:43 pm	Gathering encrypted triggers
15/01/2022 9:50:43 pm	Gathering triggers
15/01/2022 9:50:43 pm	Gathering encrypted and clr ddl triggers
15/01/2022 9:50:43 pm	Gathering ddl triggers
15/01/2022 9:50:43 pm	Gathering synonyms
15/01/2022 9:50:43 pm	Gathering defaults
15/01/2022 9:50:43 pm	Gathering data constraint uddt bindings
15/01/2022 9:50:43 pm	Gathering rules
15/01/2022 9:50:43 pm	Gathering data constraint uddt bindings
15/01/2022 9:50:43 pm	Gathering message types
15/01/2022 9:50:43 pm	Gathering queues
15/01/2022 9:50:43 pm	Gathering contracts
15/01/2022 9:50:43 pm	Gathering services
15/01/2022 9:50:43 pm	Gathering event notifications
15/01/2022 9:50:43 pm	Gathering remote service bindings
15/01/2022 9:50:43 pm	Gathering broker priorities
15/01/2022 9:50:43 pm	Gathering signatures
15/01/2022 9:50:43 pm	Gathering data compression options
15/01/2022 9:50:43 pm	Gathering sequence types
15/01/2022 9:50:43 pm	Gathering security policies
15/01/2022 9:50:43 pm	Gather column encryption keys
15/01/2022 9:50:43 pm	Gathering column master keys
15/01/2022 9:50:43 pm	Gathering external data sources
15/01/2022 9:50:43 pm	Gathering external file formats
15/01/2022 9:50:43 pm	Gathering external tables
15/01/2022 9:50:43 pm	Gathering extended properties
15/01/2022 9:50:43 pm	Gathering credentials
15/01/2022 9:50:43 pm	Gathering logins
15/01/2022 9:50:43 pm	Gathering server audits
15/01/2022 9:50:43 pm	Scanning project for duplicate elements
15/01/2022 9:50:43 pm	Finished duplicate element processing
15/01/2022 9:50:44 pm	Finished importing database.
15/01/2022 9:50:44 pm	A summary of the import was saved to the following location: C:\Users\Farooq\source\repos\eSkoolDB\eSkoolDB\Import Schema Logs\eSkoolDB_20220115045036.log
15/01/2022 9:50:44 pm	Click Finish to continue...
